C:\HARSHAL\OOD\CODEMETRICSANALYZER\DEBUG\ACTIONSANDRULES.OBJ
C:\Harshal\OOD\CodeMetricsAnalyzer\Debug\cl.command.1.tlog
C:\Harshal\OOD\CodeMetricsAnalyzer\Debug\CL.read.1.tlog
C:\Harshal\OOD\CodeMetricsAnalyzer\Debug\CL.write.1.tlog
C:\Harshal\OOD\CodeMetricsAnalyzer\Debug\CmdLineArgs.ilk
C:\HARSHAL\OOD\CODEMETRICSANALYZER\DEBUG\CMDLINEARGS.OBJ
C:\Harshal\OOD\CodeMetricsAnalyzer\Debug\CmdLineArgs.pdb
C:\HARSHAL\OOD\CODEMETRICSANALYZER\DEBUG\CODEMETRICSANALYZER.EXE
C:\HARSHAL\OOD\CODEMETRICSANALYZER\DEBUG\CODEMETRICSANALYZER.EXE.INTERMEDIATE.MANIFEST
C:\HARSHAL\OOD\CODEMETRICSANALYZER\DEBUG\CODEMETRICSANALYZER.ILK
C:\HARSHAL\OOD\CODEMETRICSANALYZER\DEBUG\CODEMETRICSANALYZER.PDB
C:\HARSHAL\OOD\CODEMETRICSANALYZER\DEBUG\CONFIGUREPARSER.OBJ
C:\HARSHAL\OOD\CODEMETRICSANALYZER\DEBUG\CUSTOMNAVIGATE.OBJ
C:\HARSHAL\OOD\CODEMETRICSANALYZER\DEBUG\DATASTORE.OBJ
C:\HARSHAL\OOD\CODEMETRICSANALYZER\DEBUG\EXECUTIVE.OBJ
C:\HARSHAL\OOD\CODEMETRICSANALYZER\DEBUG\FILEINFO.OBJ
C:\Harshal\OOD\CodeMetricsAnalyzer\Debug\link.command.1.tlog
C:\Harshal\OOD\CodeMetricsAnalyzer\Debug\link.read.1.tlog
C:\Harshal\OOD\CodeMetricsAnalyzer\Debug\link.write.1.tlog
C:\HARSHAL\OOD\CODEMETRICSANALYZER\DEBUG\MAIN.OBJ
C:\Harshal\OOD\CodeMetricsAnalyzer\Debug\mt.command.1.tlog
C:\Harshal\OOD\CodeMetricsAnalyzer\Debug\mt.read.1.tlog
C:\Harshal\OOD\CodeMetricsAnalyzer\Debug\mt.write.1.tlog
C:\HARSHAL\OOD\CODEMETRICSANALYZER\DEBUG\NAV.OBJ
C:\HARSHAL\OOD\CODEMETRICSANALYZER\DEBUG\PACKAGE.OBJ
C:\HARSHAL\OOD\CODEMETRICSANALYZER\DEBUG\PACKAGEHOLDER.OBJ
C:\HARSHAL\OOD\CODEMETRICSANALYZER\DEBUG\PARSER.OBJ
C:\HARSHAL\OOD\CODEMETRICSANALYZER\DEBUG\SCOPESTACK.OBJ
C:\HARSHAL\OOD\CODEMETRICSANALYZER\DEBUG\SEMIEXPRESSION.OBJ
C:\HARSHAL\OOD\CODEMETRICSANALYZER\DEBUG\SHOW.OBJ
C:\HARSHAL\OOD\CODEMETRICSANALYZER\DEBUG\STRINGCONVERSION.OBJ
C:\HARSHAL\OOD\CODEMETRICSANALYZER\DEBUG\TOKENIZER.OBJ
C:\Harshal\OOD\CodeMetricsAnalyzer\Debug\vc100.idb
C:\HARSHAL\OOD\CODEMETRICSANALYZER\DEBUG\VC100.PDB
C:\HARSHAL\OOD\CODEMETRICSANALYZER\DEBUG\WINTOOLS.OBJ
